2025-11-25 17:45:35 [background-preinit] INFO  o.h.validator.internal.util.Version - HV000001: Hibernate Validator 8.0.3.Final
2025-11-25 17:45:35 [main] INFO  DoAn.BE.BeApplicationTests - Starting BeApplicationTests using Java 21.0.9 with PID 14740 (started by 12a8d in E:\Project in Univers\DoAnChuyenNganh\DACN\BE\BE)
2025-11-25 17:45:35 [main] DEBUG DoAn.BE.BeApplicationTests - Running with Spring Boot v3.5.6, Spring v6.2.11
2025-11-25 17:45:35 [main] INFO  DoAn.BE.BeApplicationTests - No active profile set, falling back to 1 default profile: "default"
2025-11-25 17:45:36 [main] INFO  o.s.d.r.c.RepositoryConfigurationDelegate - Bootstrapping Spring Data JPA repositories in DEFAULT mode.
2025-11-25 17:45:36 [main] INFO  o.s.d.r.c.RepositoryConfigurationDelegate - Finished Spring Data repository scanning in 173 ms. Found 29 JPA repository interfaces.
2025-11-25 17:45:37 [main] INFO  o.h.jpa.internal.util.LogHelper - HHH000204: Processing PersistenceUnitInfo [name: default]
2025-11-25 17:45:37 [main] INFO  org.hibernate.Version - HHH000412: Hibernate ORM core version 6.6.29.Final
2025-11-25 17:45:37 [main] INFO  o.h.c.i.RegionFactoryInitiator - HHH000026: Second-level cache disabled
2025-11-25 17:45:38 [main] INFO  o.s.o.j.p.SpringPersistenceUnitInfo - No LoadTimeWeaver setup: ignoring JPA class transformer
2025-11-25 17:45:38 [main] INFO  com.zaxxer.hikari.HikariDataSource - HikariPool-1 - Starting...
2025-11-25 17:45:38 [main] INFO  com.zaxxer.hikari.pool.HikariPool - HikariPool-1 - Added connection ConnectionID:1 ClientConnectionId: f1b13766-0ba0-4513-85ab-d9845d307c8a
2025-11-25 17:45:38 [main] INFO  com.zaxxer.hikari.HikariDataSource - HikariPool-1 - Start completed.
2025-11-25 17:45:38 [main] WARN  org.hibernate.orm.deprecation - HHH90000025: SQLServerDialect does not need to be specified explicitly using 'hibernate.dialect' (remove the property setting and it will be selected by default)
2025-11-25 17:45:38 [main] INFO  o.hibernate.orm.connections.pooling - HHH10001005: Database info:
	Database JDBC URL [Connecting through datasource 'HikariDataSource (HikariPool-1)']
	Database driver: undefined/unknown
	Database version: 16.0
	Autocommit mode: undefined/unknown
	Isolation level: undefined/unknown
	Minimum pool size: undefined/unknown
	Maximum pool size: undefined/unknown
2025-11-25 17:45:40 [main] INFO  o.h.e.t.j.p.i.JtaPlatformInitiator - HHH000489: No JTA platform available (set 'hibernate.transaction.jta.platform' to enable JTA platform integration)
2025-11-25 17:45:40 [main] DEBUG org.hibernate.SQL - 
    alter table audit_logs 
       alter column reason NVARCHAR(1000)
2025-11-25 17:45:40 [main] DEBUG org.hibernate.SQL - 
    alter table danh_gia 
       alter column ke_hoach_phat_trien NVARCHAR(MAX)
2025-11-25 17:45:40 [main] DEBUG org.hibernate.SQL - 
    alter table danh_gia 
       alter column muc_tieu_tiep_theo NVARCHAR(MAX)
2025-11-25 17:45:40 [main] DEBUG org.hibernate.SQL - 
    alter table danh_gia 
       alter column nhan_xet NVARCHAR(MAX)
2025-11-25 17:45:40 [main] DEBUG org.hibernate.SQL - 
    alter table hop_dong 
       alter column noi_dung NVARCHAR(MAX)
2025-11-25 17:45:40 [main] DEBUG org.hibernate.SQL - 
    alter table issue_activities 
       alter column description NVARCHAR(MAX)
2025-11-25 17:45:40 [main] DEBUG org.hibernate.SQL - 
    alter table issue_activities 
       alter column new_value NVARCHAR(MAX)
2025-11-25 17:45:40 [main] DEBUG org.hibernate.SQL - 
    alter table issue_activities 
       alter column old_value NVARCHAR(MAX)
2025-11-25 17:45:40 [main] DEBUG org.hibernate.SQL - 
    alter table issue_comments 
       alter column content NVARCHAR(MAX)
2025-11-25 17:45:40 [main] DEBUG org.hibernate.SQL - 
    alter table issues 
       alter column description NVARCHAR(MAX)
2025-11-25 17:45:40 [main] DEBUG org.hibernate.SQL - 
    alter table messages 
       alter column content NVARCHAR(MAX)
2025-11-25 17:45:40 [main] DEBUG org.hibernate.SQL - 
    alter table projects 
       alter column description NVARCHAR(MAX)
2025-11-25 17:45:40 [main] DEBUG org.hibernate.SQL - 
    alter table sprints 
       alter column goal NVARCHAR(MAX)
2025-11-25 17:45:40 [main] DEBUG org.hibernate.SQL - 
    alter table thong_bao 
       alter column loai NVARCHAR(50)
2025-11-25 17:45:40 [main] DEBUG org.hibernate.SQL - 
    alter table thong_bao 
       alter column metadata NVARCHAR(MAX)
2025-11-25 17:45:40 [main] DEBUG org.hibernate.SQL - 
    alter table thong_bao 
       alter column noi_dung NVARCHAR(MAX)
2025-11-25 17:45:40 [main] DEBUG org.hibernate.SQL - 
    alter table thong_bao 
       alter column url_lien_ket NVARCHAR(500)
2025-11-25 17:45:41 [main] INFO  o.s.o.j.LocalContainerEntityManagerFactoryBean - Initialized JPA EntityManagerFactory for persistence unit 'default'
2025-11-25 17:45:41 [main] INFO  o.s.d.j.r.query.QueryEnhancerFactory - Hibernate is in classpath; If applicable, HQL parser will be used.
2025-11-25 17:45:43 [main] WARN  o.s.aop.framework.CglibAopProxy - Unable to proxy interface-implementing method [public final void org.springframework.web.filter.GenericFilterBean.init(jakarta.servlet.FilterConfig) throws jakarta.servlet.ServletException] because it is marked as final, consider using interface-based JDK proxies instead.
2025-11-25 17:45:44 [main] WARN  o.s.b.a.o.j.JpaBaseConfiguration$JpaWebConfiguration - spring.jpa.open-in-view is enabled by default. Therefore, database queries may be performed during view rendering. Explicitly configure spring.jpa.open-in-view to disable this warning
2025-11-25 17:45:44 [main] DEBUG o.s.s.c.a.a.c.AuthenticationConfiguration$DefaultPasswordEncoderAuthenticationManagerBuilder - No authenticationProviders and no parentAuthenticationManager defined. Returning null.
2025-11-25 17:45:44 [main] DEBUG o.s.s.web.DefaultSecurityFilterChain - Will secure any request with filters: DisableEncodeUrlFilter, WebAsyncManagerIntegrationFilter, SecurityContextHolderFilter, HeaderWriterFilter, CorsFilter, LogoutFilter, JwtAuthenticationFilter$$SpringCGLIB$$0, RequestCacheAwareFilter, SecurityContextHolderAwareRequestFilter, AnonymousAuthenticationFilter, SessionManagementFilter, ExceptionTranslationFilter, AuthorizationFilter
2025-11-25 17:45:45 [main] INFO  o.s.m.s.b.SimpleBrokerMessageHandler - Starting...
2025-11-25 17:45:45 [main] INFO  o.s.m.s.b.SimpleBrokerMessageHandler - BrokerAvailabilityEvent[available=true, SimpleBrokerMessageHandler [org.springframework.messaging.simp.broker.DefaultSubscriptionRegistry@7dab2d9e]]
2025-11-25 17:45:45 [main] INFO  o.s.m.s.b.SimpleBrokerMessageHandler - Started.
2025-11-25 17:45:45 [main] INFO  DoAn.BE.BeApplicationTests - Started BeApplicationTests in 9.922 seconds (process running for 10.658)
2025-11-25 17:45:45 [main] DEBUG org.hibernate.SQL - 
    select
        count_big(*) 
    from
        users u1_0
2025-11-25 17:45:45 [main] INFO  D.B.u.config.DefaultUsersInitializer - ⏭️  Users already exist, skipping initialization
2025-11-25 17:45:45 [main] DEBUG org.hibernate.SQL - 
    select
        count_big(*) 
    from
        phong_ban pb1_0
2025-11-25 17:45:45 [main] INFO  DoAn.BE.common.config.DataSeed - ⏭️  Data already exists, skipping seed
2025-11-25 17:45:45 [SpringApplicationShutdownHook] INFO  o.s.m.s.b.SimpleBrokerMessageHandler - Stopping...
2025-11-25 17:45:45 [SpringApplicationShutdownHook] INFO  o.s.m.s.b.SimpleBrokerMessageHandler - BrokerAvailabilityEvent[available=false, SimpleBrokerMessageHandler [org.springframework.messaging.simp.broker.DefaultSubscriptionRegistry@7dab2d9e]]
2025-11-25 17:45:45 [SpringApplicationShutdownHook] INFO  o.s.m.s.b.SimpleBrokerMessageHandler - Stopped.
2025-11-25 17:45:45 [SpringApplicationShutdownHook] INFO  o.s.o.j.LocalContainerEntityManagerFactoryBean - Closing JPA EntityManagerFactory for persistence unit 'default'
2025-11-25 17:45:45 [SpringApplicationShutdownHook] INFO  com.zaxxer.hikari.HikariDataSource - HikariPool-1 - Shutdown initiated...
2025-11-25 17:45:45 [SpringApplicationShutdownHook] INFO  com.zaxxer.hikari.HikariDataSource - HikariPool-1 - Shutdown completed.
